<?xml version="1.0" encoding="UTF-8"?>
<!-- Generated by org.testng.reporters.JUnitXMLReporter -->
<testsuite ignored="0" hostname="Ganesh" failures="1" tests="2" name="ErrorValidationTest" time="9.34" errors="0" timestamp="14 Jul 2024 11:28:13 GMT">
  <testcase classname="aniketkanselearning.tests.ErrorValidation" name="SubmitOrder" time="1.358">
    <skipped/>
  </testcase> <!-- SubmitOrder -->
  <testcase classname="aniketkanselearning.tests.ErrorValidation" name="SubmitOrder" time="1.5">
    <failure type="java.lang.AssertionError" message="expected [Incorrect email or password.] but found [Incorrect email o password.]">
      <![CDATA[java.lang.AssertionError: expected [Incorrect email or password.] but found [Incorrect email o password.]
	at aniketkanselearning.tests.ErrorValidation.SubmitOrder(ErrorValidation.java:36)
... Removed 31 stack frames]]>
    </failure>
  </testcase> <!-- SubmitOrder -->
</testsuite> <!-- ErrorValidationTest -->
