<?xml version="1.0" encoding="UTF-8"?>
<!-- Generated by org.testng.reporters.JUnitXMLReporter -->
<testsuite ignored="0" hostname="Ganesh" failures="0" tests="3" name="SubmitTest" time="50.408" errors="0" timestamp="14 Jul 2024 11:28:04 GMT">
  <testcase classname="aniketkanselearning.tests.SubmitOrder" name="SubmitOrder" time="16.537"/>
  <testcase classname="aniketkanselearning.tests.SubmitOrder" name="SubmitOrder" time="15.669"/>
  <testcase classname="aniketkanselearning.tests.SubmitOrder" name="OrderHistory" time="0.992"/>
</testsuite> <!-- SubmitTest -->
