<?xml version="1.0" encoding="UTF-8"?>
<!-- Generated by org.testng.reporters.JUnitXMLReporter -->
<testsuite ignored="1" hostname="Ganesh" failures="0" tests="7" name="Other Loan" time="0.022" errors="0" timestamp="2024-05-06T11:02:47 IST">
  <testcase classname="test.Test3" name="APICarLoan" time="0.002"/>
  <testcase classname="test.Test3" name="MobileCarLoan" time="0.002"/>
  <testcase classname="test.Test3" name="WebCarLoan" time="0.001"/>
  <testcase classname="test.Test3" name="WebCarLoan" time="0.001"/>
  <testcase classname="test.Test3" name="WebCarLoan" time="0.0"/>
  <testcase classname="test.Test4" name="APIHomeLoan" time="0.001"/>
  <testcase classname="test.Test4" name="WebHomeLoan" time="0.0"/>
  <testcase classname="test.Test4" name="MobileHomeLoan" time="0.0">
    <ignored/>
  </testcase> <!-- MobileHomeLoan -->
</testsuite> <!-- Other Loan -->
