<?xml version="1.0" encoding="UTF-8"?>
<testng-results ignored="0" total="1" passed="1" failed="0" skipped="0">
  <reporter-output>
  </reporter-output>
  <suite started-at="2024-06-06T16:29:56 IST" name="Default suite" finished-at="2024-06-06T16:30:05 IST" duration-ms="8383">
    <groups>
    </groups>
    <test started-at="2024-06-06T16:29:56 IST" name="Default test" finished-at="2024-06-06T16:30:05 IST" duration-ms="8383">
      <class name="aniketkanselearning.ExtentReport.ExtentReportDemo">
        <test-method is-config="true" signature="config()[pri:0, instance:aniketkanselearning.ExtentReport.ExtentReportDemo@6fa51cd4]" started-at="2024-06-06T16:29:56 IST" name="config" finished-at="2024-06-06T16:29:57 IST" duration-ms="504" status="PASS">
          <reporter-output>
          </reporter-output>
        </test-method> <!-- config -->
        <test-method signature="getExtentReport()[pri:0, instance:aniketkanselearning.ExtentReport.ExtentReportDemo@6fa51cd4]" started-at="2024-06-06T16:29:57 IST" name="getExtentReport" finished-at="2024-06-06T16:30:05 IST" duration-ms="7819" status="PASS">
          <reporter-output>
          </reporter-output>
        </test-method> <!-- getExtentReport -->
      </class> <!-- aniketkanselearning.ExtentReport.ExtentReportDemo -->
    </test> <!-- Default test -->
  </suite> <!-- Default suite -->
</testng-results>
