<?xml version="1.0" encoding="UTF-8"?>
<testng-results ignored="0" total="1" passed="1" failed="0" skipped="0">
  <reporter-output>
  </reporter-output>
  <suite started-at="2024-05-12T11:25:07 IST" name="Default suite" finished-at="2024-05-12T11:25:07 IST" duration-ms="58">
    <groups>
    </groups>
    <test started-at="2024-05-12T11:25:07 IST" name="Default test" finished-at="2024-05-12T11:25:07 IST" duration-ms="58">
      <class name="PS2">
        <test-method signature="doingThis()[pri:0, instance:PS2@272ed83b]" started-at="2024-05-12T11:25:07 IST" name="doingThis" finished-at="2024-05-12T11:25:07 IST" duration-ms="22" status="PASS">
          <reporter-output>
          </reporter-output>
        </test-method> <!-- doingThis -->
      </class> <!-- PS2 -->
    </test> <!-- Default test -->
  </suite> <!-- Default suite -->
</testng-results>
